<?xml version="1.0" encoding="UTF-8"?>
<testng-results ignored="0" total="1" passed="0" failed="1" skipped="0">
  <reporter-output>
  </reporter-output>
  <suite started-at="2021-02-05T14:53:28 IST" name="Default suite" finished-at="2021-02-05T14:53:38 IST" duration-ms="10225">
    <groups>
    </groups>
    <test started-at="2021-02-05T14:53:28 IST" name="Default test" finished-at="2021-02-05T14:53:38 IST" duration-ms="10225">
      <class name="DialogAxiataTestAutomation.AxitaDigitalLabs.tc_001_VerifyCartIsEmpty">
        <test-method is-config="true" signature="initialize()[pri:0, instance:DialogAxiataTestAutomation.AxitaDigitalLabs.tc_001_VerifyCartIsEmpty@363a52f]" started-at="2021-02-05T14:53:28 IST" name="initialize" finished-at="2021-02-05T14:53:38 IST" duration-ms="10010" status="PASS">
          <reporter-output>
          </reporter-output>
        </test-method> <!-- initialize -->
        <test-method signature="SelectPacakge()[pri:0, instance:DialogAxiataTestAutomation.AxitaDigitalLabs.tc_001_VerifyCartIsEmpty@363a52f]" started-at="2021-02-05T14:53:38 IST" name="SelectPacakge" finished-at="2021-02-05T14:53:38 IST" duration-ms="28" status="FAIL">
          <exception class="java.lang.AssertionError">
            <message>
              <![CDATA[expected [true] but found [[[ChromeDriver: chrome on MAC (2b35e3d186eba2e36798c77c7003c09b)] -> xpath: //h2[contains(text(),"Latest Devices")]]]]]>
            </message>
            <full-stacktrace>
              <![CDATA[java.lang.AssertionError: expected [true] but found [[[ChromeDriver: chrome on MAC (2b35e3d186eba2e36798c77c7003c09b)] -> xpath: //h2[contains(text(),"Latest Devices")]]]
at org.testng.Assert.fail(Assert.java:99)
at org.testng.Assert.failNotEquals(Assert.java:1037)
at org.testng.Assert.assertEqualsImpl(Assert.java:140)
at org.testng.Assert.assertEquals(Assert.java:122)
at org.testng.Assert.assertEquals(Assert.java:617)
at DialogAxiataTestAutomation.AxitaDigitalLabs.tc_001_VerifyCartIsEmpty.SelectPacakge(tc_001_VerifyCartIsEmpty.java:47)
at java.base/jdk.internal.reflect.NativeMethodAccessorImpl.invoke0(Native Method)
at java.base/jdk.internal.reflect.NativeMethodAccessorImpl.invoke(NativeMethodAccessorImpl.java:64)
at java.base/jdk.internal.reflect.DelegatingMethodAccessorImpl.invoke(DelegatingMethodAccessorImpl.java:43)
at java.base/java.lang.reflect.Method.invoke(Method.java:564)
at org.testng.internal.MethodInvocationHelper.invokeMethod(MethodInvocationHelper.java:132)
at org.testng.internal.TestInvoker.invokeMethod(TestInvoker.java:599)
at org.testng.internal.TestInvoker.invokeTestMethod(TestInvoker.java:174)
at org.testng.internal.MethodRunner.runInSequence(MethodRunner.java:46)
at org.testng.internal.TestInvoker$MethodInvocationAgent.invoke(TestInvoker.java:822)
at org.testng.internal.TestInvoker.invokeTestMethods(TestInvoker.java:147)
at org.testng.internal.TestMethodWorker.invokeTestMethods(TestMethodWorker.java:146)
at org.testng.internal.TestMethodWorker.run(TestMethodWorker.java:128)
at java.base/java.util.ArrayList.forEach(ArrayList.java:1511)
at org.testng.TestRunner.privateRun(TestRunner.java:764)
at org.testng.TestRunner.run(TestRunner.java:585)
at org.testng.SuiteRunner.runTest(SuiteRunner.java:384)
at org.testng.SuiteRunner.runSequentially(SuiteRunner.java:378)
at org.testng.SuiteRunner.privateRun(SuiteRunner.java:337)
at org.testng.SuiteRunner.run(SuiteRunner.java:286)
at org.testng.SuiteRunnerWorker.runSuite(SuiteRunnerWorker.java:53)
at org.testng.SuiteRunnerWorker.run(SuiteRunnerWorker.java:96)
at org.testng.TestNG.runSuitesSequentially(TestNG.java:1218)
at org.testng.TestNG.runSuitesLocally(TestNG.java:1140)
at org.testng.TestNG.runSuites(TestNG.java:1069)
at org.testng.TestNG.run(TestNG.java:1037)
at org.testng.remote.AbstractRemoteTestNG.run(AbstractRemoteTestNG.java:115)
at org.testng.remote.RemoteTestNG.initAndRun(RemoteTestNG.java:251)
at org.testng.remote.RemoteTestNG.main(RemoteTestNG.java:77)
]]>
            </full-stacktrace>
          </exception> <!-- java.lang.AssertionError -->
          <reporter-output>
          </reporter-output>
        </test-method> <!-- SelectPacakge -->
        <test-method is-config="true" signature="teardown()[pri:0, instance:DialogAxiataTestAutomation.AxitaDigitalLabs.tc_001_VerifyCartIsEmpty@363a52f]" started-at="2021-02-05T14:53:38 IST" name="teardown" finished-at="2021-02-05T14:53:38 IST" duration-ms="163" status="PASS">
          <reporter-output>
          </reporter-output>
        </test-method> <!-- teardown -->
      </class> <!-- DialogAxiataTestAutomation.AxitaDigitalLabs.tc_001_VerifyCartIsEmpty -->
    </test> <!-- Default test -->
  </suite> <!-- Default suite -->
</testng-results>
